<?xml version="1.0" encoding="UTF-8"?>
<testng-results skipped="0" failed="0" ignored="0" total="1" passed="1">
  <reporter-output>
  </reporter-output>
  <suite name="Default suite" duration-ms="4235" started-at="2019-08-21T00:31:46Z" finished-at="2019-08-21T00:31:50Z">
    <groups>
    </groups>
    <test name="Default test" duration-ms="4235" started-at="2019-08-21T00:31:46Z" finished-at="2019-08-21T00:31:50Z">
      <class name="Add_XML">
        <test-method status="PASS" signature="getData()[pri:0, instance:Add_XML@55d56113]" name="getData" is-config="true" duration-ms="18" started-at="2019-08-20T20:31:46Z" finished-at="2019-08-20T20:31:46Z">
          <reporter-output>
          </reporter-output>
        </test-method> <!-- getData -->
        <test-method status="PASS" signature="addPlace()[pri:0, instance:Add_XML@55d56113]" name="addPlace" duration-ms="4176" started-at="2019-08-20T20:31:46Z" finished-at="2019-08-20T20:31:50Z">
          <reporter-output>
          </reporter-output>
        </test-method> <!-- addPlace -->
      </class> <!-- Add_XML -->
    </test> <!-- Default test -->
  </suite> <!-- Default suite -->
</testng-results>
