<?xml version="1.0" encoding="UTF-8"?>
<testng-results skipped="0" failed="0" ignored="0" total="1" passed="1">
  <reporter-output>
  </reporter-output>
  <suite name="Default suite" duration-ms="4169" started-at="2019-08-18T23:28:07Z" finished-at="2019-08-18T23:28:11Z">
    <groups>
    </groups>
    <test name="Default test" duration-ms="4169" started-at="2019-08-18T23:28:07Z" finished-at="2019-08-18T23:28:11Z">
      <class name="AddDelete">
        <test-method status="PASS" signature="getData()[pri:0, instance:AddDelete@55d56113]" name="getData" is-config="true" duration-ms="11" started-at="2019-08-18T19:28:07Z" finished-at="2019-08-18T19:28:07Z">
          <reporter-output>
          </reporter-output>
        </test-method> <!-- getData -->
        <test-method status="PASS" signature="addDeletePlace()[pri:0, instance:AddDelete@55d56113]" name="addDeletePlace" duration-ms="4123" started-at="2019-08-18T19:28:07Z" finished-at="2019-08-18T19:28:11Z">
          <reporter-output>
          </reporter-output>
        </test-method> <!-- addDeletePlace -->
      </class> <!-- AddDelete -->
    </test> <!-- Default test -->
  </suite> <!-- Default suite -->
</testng-results>
